## NAME: erosion.jpg
## SIZE: 78958 bytes
### ROW MAJOR ###
rotate 0 -row-major
Total time: 1118
Time Per Pixel: 0

rotate 90 -row-major
Total time: 21239991
Time Per Pixel: 57

rotate 270 -row-major
Total time: 21453527
Time Per Pixel: 57

rotate 180 -row-major
Total time: 22271509
Time Per Pixel: 60

horizontal -row-major
Total time: 22407601
Time Per Pixel: 60

vertical -row-major
Total time: 21436043
Time Per Pixel: 57

transpose -row-major
Total time: 19177062
Time Per Pixel: 51


COL MAJOR
rotate 0 -col-major
Total time: 1162
Time Per Pixel: 0

rotate 90 -col-major
Total time: 23796477
Time Per Pixel: 64

rotate 270 -col-major
Total time: 25402966
Time Per Pixel: 68

rotate 180 -col-major
Total time: 28834284
Time Per Pixel: 77

horizontal -col-major
Total time: 24394314
Time Per Pixel: 65

vertical -col-major
Total time: 24311193
Time Per Pixel: 65

transpose -col-major
Total time: 21926733
Time Per Pixel: 59


BLOCK MAJOR
rotate 0 -block-major
Total time: 1533
Time Per Pixel: 0

rotate 90 -block-major
Total time: 29534664
Time Per Pixel: 79

rotate 270 -block-major
Total time: 31347825
Time Per Pixel: 84

rotate 180 -block-major
Total time: 31851379
Time Per Pixel: 85

horizontal -block-major
Total time: 30606882
Time Per Pixel: 82

vertical -block-major
Total time: 31391203
Time Per Pixel: 84

transpose -block-major
Total time: 28595407
Time Per Pixel: 77


